14:54:09.768 [main] DEBUG browserStackFileDebugger - Running SDK with properties: {java.specification.version=17, sun.cpu.isalist=amd64, sun.jnu.encoding=Cp1252, java.class.path=C:\Program Files\JetBrains\IntelliJ IDEA Community Edition 2024.1\lib\idea_rt.jar;C:\Program Files\JetBrains\IntelliJ IDEA Community Edition 2024.1\plugins\testng\lib\testng-rt.jar;C:\Users\nuthula_pooja\BrowserStackSeleniumAssignment\target\test-classes;C:\Users\nuthula_pooja\BrowserStackSeleniumAssignment\target\classes;C:\Users\nuthula_pooja\.m2\repository\org\seleniumhq\selenium\selenium-java\4.19.1\selenium-java-4.19.1.jar;C:\Users\nuthula_pooja\.m2\repository\org\seleniumhq\selenium\selenium-api\4.19.1\selenium-api-4.19.1.jar;C:\Users\nuthula_pooja\.m2\repository\org\seleniumhq\selenium\selenium-chrome-driver\4.19.1\selenium-chrome-driver-4.19.1.jar;C:\Users\nuthula_pooja\.m2\repository\com\google\auto\service\auto-service-annotations\1.1.1\auto-service-annotations-1.1.1.jar;C:\Users\nuthula_pooja\.m2\repository\org\seleniumhq\selenium\selenium-chromium-driver\4.19.1\selenium-chromium-driver-4.19.1.jar;C:\Users\nuthula_pooja\.m2\repository\org\seleniumhq\selenium\selenium-json\4.19.1\selenium-json-4.19.1.jar;C:\Users\nuthula_pooja\.m2\repository\org\seleniumhq\selenium\selenium-manager\4.19.1\selenium-manager-4.19.1.jar;C:\Users\nuthula_pooja\.m2\repository\org\seleniumhq\selenium\selenium-devtools-v121\4.19.1\selenium-devtools-v121-4.19.1.jar;C:\Users\nuthula_pooja\.m2\repository\org\seleniumhq\selenium\selenium-devtools-v122\4.19.1\selenium-devtools-v122-4.19.1.jar;C:\Users\nuthula_pooja\.m2\repository\org\seleniumhq\selenium\selenium-devtools-v123\4.19.1\selenium-devtools-v123-4.19.1.jar;C:\Users\nuthula_pooja\.m2\repository\org\seleniumhq\selenium\selenium-devtools-v85\4.19.1\selenium-devtools-v85-4.19.1.jar;C:\Users\nuthula_pooja\.m2\repository\org\seleniumhq\selenium\selenium-edge-driver\4.19.1\selenium-edge-driver-4.19.1.jar;C:\Users\nuthula_pooja\.m2\repository\org\seleniumhq\selenium\selenium-firefox-driver\4.19.1\selenium-firefox-driver-4.19.1.jar;C:\Users\nuthula_pooja\.m2\repository\org\seleniumhq\selenium\selenium-http\4.19.1\selenium-http-4.19.1.jar;C:\Users\nuthula_pooja\.m2\repository\dev\failsafe\failsafe\3.3.2\failsafe-3.3.2.jar;C:\Users\nuthula_pooja\.m2\repository\org\seleniumhq\selenium\selenium-ie-driver\4.19.1\selenium-ie-driver-4.19.1.jar;C:\Users\nuthula_pooja\.m2\repository\org\seleniumhq\selenium\selenium-remote-driver\4.19.1\selenium-remote-driver-4.19.1.jar;C:\Users\nuthula_pooja\.m2\repository\com\google\guava\guava\33.1.0-jre\guava-33.1.0-jre.jar;C:\Users\nuthula_pooja\.m2\repository\com\google\guava\failureaccess\1.0.2\failureaccess-1.0.2.jar;C:\Users\nuthula_pooja\.m2\repository\com\google\guava\listenablefuture\9999.0-empty-to-avoid-conflict-with-guava\listenablefuture-9999.0-empty-to-avoid-conflict-with-guava.jar;C:\Users\nuthula_pooja\.m2\repository\com\google\code\findbugs\jsr305\3.0.2\jsr305-3.0.2.jar;C:\Users\nuthula_pooja\.m2\repository\org\checkerframework\checker-qual\3.42.0\checker-qual-3.42.0.jar;C:\Users\nuthula_pooja\.m2\repository\com\google\errorprone\error_prone_annotations\2.26.1\error_prone_annotations-2.26.1.jar;C:\Users\nuthula_pooja\.m2\repository\com\google\j2objc\j2objc-annotations\3.0.0\j2objc-annotations-3.0.0.jar;C:\Users\nuthula_pooja\.m2\repository\io\opentelemetry\semconv\opentelemetry-semconv\1.23.1-alpha\opentelemetry-semconv-1.23.1-alpha.jar;C:\Users\nuthula_pooja\.m2\repository\io\opentelemetry\opentelemetry-api\1.36.0\opentelemetry-api-1.36.0.jar;C:\Users\nuthula_pooja\.m2\repository\io\opentelemetry\opentelemetry-context\1.36.0\opentelemetry-context-1.36.0.jar;C:\Users\nuthula_pooja\.m2\repository\io\opentelemetry\opentelemetry-exporter-logging\1.36.0\opentelemetry-exporter-logging-1.36.0.jar;C:\Users\nuthula_pooja\.m2\repository\io\opentelemetry\opentelemetry-sdk-common\1.36.0\opentelemetry-sdk-common-1.36.0.jar;C:\Users\nuthula_pooja\.m2\repository\io\opentelemetry\opentelemetry-sdk-extension-autoconfigure-spi\1.36.0\opentelemetry-sdk-extension-autoconfigure-spi-1.36.0.jar;C:\Users\nuthula_pooja\.m2\repository\io\opentelemetry\opentelemetry-sdk-extension-autoconfigure\1.36.0\opentelemetry-sdk-extension-autoconfigure-1.36.0.jar;C:\Users\nuthula_pooja\.m2\repository\io\opentelemetry\opentelemetry-api-events\1.36.0-alpha\opentelemetry-api-events-1.36.0-alpha.jar;C:\Users\nuthula_pooja\.m2\repository\io\opentelemetry\opentelemetry-sdk-trace\1.36.0\opentelemetry-sdk-trace-1.36.0.jar;C:\Users\nuthula_pooja\.m2\repository\io\opentelemetry\opentelemetry-extension-incubator\1.36.0-alpha\opentelemetry-extension-incubator-1.36.0-alpha.jar;C:\Users\nuthula_pooja\.m2\repository\io\opentelemetry\opentelemetry-sdk\1.36.0\opentelemetry-sdk-1.36.0.jar;C:\Users\nuthula_pooja\.m2\repository\io\opentelemetry\opentelemetry-sdk-metrics\1.36.0\opentelemetry-sdk-metrics-1.36.0.jar;C:\Users\nuthula_pooja\.m2\repository\io\opentelemetry\opentelemetry-sdk-logs\1.36.0\opentelemetry-sdk-logs-1.36.0.jar;C:\Users\nuthula_pooja\.m2\repository\net\bytebuddy\byte-buddy\1.14.12\byte-buddy-1.14.12.jar;C:\Users\nuthula_pooja\.m2\repository\org\seleniumhq\selenium\selenium-os\4.19.1\selenium-os-4.19.1.jar;C:\Users\nuthula_pooja\.m2\repository\org\apache\commons\commons-exec\1.3\commons-exec-1.3.jar;C:\Users\nuthula_pooja\.m2\repository\org\seleniumhq\selenium\selenium-safari-driver\4.19.1\selenium-safari-driver-4.19.1.jar;C:\Users\nuthula_pooja\.m2\repository\org\seleniumhq\selenium\selenium-support\4.19.1\selenium-support-4.19.1.jar;C:\Users\nuthula_pooja\.m2\repository\io\rest-assured\rest-assured\5.4.0\rest-assured-5.4.0.jar;C:\Users\nuthula_pooja\.m2\repository\org\apache\groovy\groovy\4.0.16\groovy-4.0.16.jar;C:\Users\nuthula_pooja\.m2\repository\org\apache\groovy\groovy-xml\4.0.16\groovy-xml-4.0.16.jar;C:\Users\nuthula_pooja\.m2\repository\org\apache\httpcomponents\httpclient\4.5.13\httpclient-4.5.13.jar;C:\Users\nuthula_pooja\.m2\repository\org\apache\httpcomponents\httpcore\4.4.13\httpcore-4.4.13.jar;C:\Users\nuthula_pooja\.m2\repository\commons-logging\commons-logging\1.2\commons-logging-1.2.jar;C:\Users\nuthula_pooja\.m2\repository\commons-codec\commons-codec\1.11\commons-codec-1.11.jar;C:\Users\nuthula_pooja\.m2\repository\org\apache\httpcomponents\httpmime\4.5.13\httpmime-4.5.13.jar;C:\Users\nuthula_pooja\.m2\repository\org\hamcrest\hamcrest\2.2\hamcrest-2.2.jar;C:\Users\nuthula_pooja\.m2\repository\org\ccil\cowan\tagsoup\tagsoup\1.2.1\tagsoup-1.2.1.jar;C:\Users\nuthula_pooja\.m2\repository\io\rest-assured\json-path\5.4.0\json-path-5.4.0.jar;C:\Users\nuthula_pooja\.m2\repository\org\apache\groovy\groovy-json\4.0.16\groovy-json-4.0.16.jar;C:\Users\nuthula_pooja\.m2\repository\io\rest-assured\rest-assured-common\5.4.0\rest-assured-common-5.4.0.jar;C:\Users\nuthula_pooja\.m2\repository\io\rest-assured\xml-path\5.4.0\xml-path-5.4.0.jar;C:\Users\nuthula_pooja\.m2\repository\org\json\json\20240303\json-20240303.jar;C:\Users\nuthula_pooja\.m2\repository\io\cucumber\cucumber-testng\7.22.0\cucumber-testng-7.22.0.jar;C:\Users\nuthula_pooja\.m2\repository\org\apiguardian\apiguardian-api\1.1.2\apiguardian-api-1.1.2.jar;C:\Users\nuthula_pooja\.m2\repository\io\cucumber\cucumber-core\7.22.0\cucumber-core-7.22.0.jar;C:\Users\nuthula_pooja\.m2\repository\io\cucumber\cucumber-gherkin\7.22.0\cucumber-gherkin-7.22.0.jar;C:\Users\nuthula_pooja\.m2\repository\io\cucumber\cucumber-gherkin-messages\7.22.0\cucumber-gherkin-messages-7.22.0.jar;C:\Users\nuthula_pooja\.m2\repository\io\cucumber\gherkin\32.1.0\gherkin-32.1.0.jar;C:\Users\nuthula_pooja\.m2\repository\io\cucumber\messages\27.2.0\messages-27.2.0.jar;C:\Users\nuthula_pooja\.m2\repository\io\cucumber\testng-xml-formatter\0.3.1\testng-xml-formatter-0.3.1.jar;C:\Users\nuthula_pooja\.m2\repository\io\cucumber\query\13.3.0\query-13.3.0.jar;C:\Users\nuthula_pooja\.m2\repository\io\cucumber\tag-expressions\6.1.2\tag-expressions-6.1.2.jar;C:\Users\nuthula_pooja\.m2\repository\io\cucumber\cucumber-expressions\18.0.1\cucumber-expressions-18.0.1.jar;C:\Users\nuthula_pooja\.m2\repository\io\cucumber\datatable\7.22.0\datatable-7.22.0.jar;C:\Users\nuthula_pooja\.m2\repository\io\cucumber\cucumber-plugin\7.22.0\cucumber-plugin-7.22.0.jar;C:\Users\nuthula_pooja\.m2\repository\io\cucumber\docstring\7.22.0\docstring-7.22.0.jar;C:\Users\nuthula_pooja\.m2\repository\io\cucumber\html-formatter\21.10.0\html-formatter-21.10.0.jar;C:\Users\nuthula_pooja\.m2\repository\io\cucumber\junit-xml-formatter\0.7.1\junit-xml-formatter-0.7.1.jar;C:\Users\nuthula_pooja\.m2\repository\io\cucumber\ci-environment\10.0.1\ci-environment-10.0.1.jar;C:\Users\nuthula_pooja\.m2\repository\commons-io\commons-io\2.15.1\commons-io-2.15.1.jar;C:\Users\nuthula_pooja\.m2\repository\io\github\bonigarcia\webdrivermanager\5.8.0\webdrivermanager-5.8.0.jar;C:\Users\nuthula_pooja\.m2\repository\org\slf4j\slf4j-api\2.0.12\slf4j-api-2.0.12.jar;C:\Users\nuthula_pooja\.m2\repository\com\google\code\gson\gson\2.10.1\gson-2.10.1.jar;C:\Users\nuthula_pooja\.m2\repository\com\github\docker-java\docker-java\3.3.6\docker-java-3.3.6.jar;C:\Users\nuthula_pooja\.m2\repository\com\github\docker-java\docker-java-core\3.3.6\docker-java-core-3.3.6.jar;C:\Users\nuthula_pooja\.m2\repository\com\github\docker-java\docker-java-api\3.3.6\docker-java-api-3.3.6.jar;C:\Users\nuthula_pooja\.m2\repository\com\fasterxml\jackson\core\jackson-annotations\2.10.3\jackson-annotations-2.10.3.jar;C:\Users\nuthula_pooja\.m2\repository\com\fasterxml\jackson\core\jackson-databind\2.10.3\jackson-databind-2.10.3.jar;C:\Users\nuthula_pooja\.m2\repository\com\fasterxml\jackson\core\jackson-core\2.10.3\jackson-core-2.10.3.jar;C:\Users\nuthula_pooja\.m2\repository\org\bouncycastle\bcpkix-jdk18on\1.76\bcpkix-jdk18on-1.76.jar;C:\Users\nuthula_pooja\.m2\repository\org\bouncycastle\bcprov-jdk18on\1.76\bcprov-jdk18on-1.76.jar;C:\Users\nuthula_pooja\.m2\repository\org\bouncycastle\bcutil-jdk18on\1.76\bcutil-jdk18on-1.76.jar;C:\Users\nuthula_pooja\.m2\repository\org\slf4j\jcl-over-slf4j\1.7.30\jcl-over-slf4j-1.7.30.jar;C:\Users\nuthula_pooja\.m2\repository\com\github\docker-java\docker-java-transport-httpclient5\3.3.6\docker-java-transport-httpclient5-3.3.6.jar;C:\Users\nuthula_pooja\.m2\repository\com\github\docker-java\docker-java-transport\3.3.6\docker-java-transport-3.3.6.jar;C:\Users\nuthula_pooja\.m2\repository\net\java\dev\jna\jna\5.13.0\jna-5.13.0.jar;C:\Users\nuthula_pooja\.m2\repository\org\brotli\dec\0.1.2\dec-0.1.2.jar;C:\Users\nuthula_pooja\.m2\repository\org\apache\commons\commons-lang3\3.14.0\commons-lang3-3.14.0.jar;C:\Users\nuthula_pooja\.m2\repository\org\apache\commons\commons-compress\1.26.1\commons-compress-1.26.1.jar;C:\Users\nuthula_pooja\.m2\repository\org\apache\httpcomponents\client5\httpclient5\5.2.1\httpclient5-5.2.1.jar;C:\Users\nuthula_pooja\.m2\repository\org\apache\httpcomponents\core5\httpcore5\5.2\httpcore5-5.2.jar;C:\Users\nuthula_pooja\.m2\repository\org\apache\httpcomponents\core5\httpcore5-h2\5.2\httpcore5-h2-5.2.jar;C:\Users\nuthula_pooja\.m2\repository\org\testng\testng\7.10.2\testng-7.10.2.jar;C:\Users\nuthula_pooja\.m2\repository\com\beust\jcommander\1.82\jcommander-1.82.jar;C:\Users\nuthula_pooja\.m2\repository\org\webjars\jquery\3.7.1\jquery-3.7.1.jar;C:\Users\nuthula_pooja\.m2\repository\io\cucumber\cucumber-java\7.22.0\cucumber-java-7.22.0.jar;C:\Users\nuthula_pooja\.m2\repository\io\cucumber\cucumber-junit\7.22.0\cucumber-junit-7.22.0.jar;C:\Users\nuthula_pooja\.m2\repository\junit\junit\4.13.2\junit-4.13.2.jar;C:\Users\nuthula_pooja\.m2\repository\org\hamcrest\hamcrest-core\1.3\hamcrest-core-1.3.jar;C:\Users\nuthula_pooja\.m2\repository\com\browserstack\browserstack-java-sdk\1.32.13\browserstack-java-sdk-1.32.13.jar, java.vm.vendor=Oracle Corporation, kotlinx.coroutines.debug.enable.mutable.state.flows.stack.trace=true, sun.arch.data.model=64, idea.test.cyclic.buffer.size=1048576, user.variant=, java.vendor.url=https://java.oracle.com/, user.timezone=Asia/Calcutta, java.vm.specification.version=17, os.name=Windows 11, sun.java.launcher=SUN_STANDARD, user.country=US, sun.boot.library.path=C:\Program Files\Java\jdk-17\bin, sun.java.command=com.intellij.rt.testng.RemoteTestNGStarter -usedefaultlisteners false -socket61432 @w@C:\Users\nuthula_pooja\AppData\Local\Temp\idea_working_dirs_testng.tmp -temp C:\Users\nuthula_pooja\AppData\Local\Temp\idea_testng.tmp, jdk.debug=release, sun.cpu.endian=little, user.home=C:\Users\nuthula_pooja, user.language=en, java.specification.vendor=Oracle Corporation, java.version.date=2024-01-16, java.home=C:\Program Files\Java\jdk-17, file.separator=\, java.vm.compressedOopsMode=Zero based, line.separator=
, java.vm.specification.vendor=Oracle Corporation, java.specification.name=Java Platform API Specification, intellij.debug.agent=true, user.script=, sun.management.compiler=HotSpot 64-Bit Tiered Compilers, java.runtime.version=17.0.10+11-LTS-240, user.name=PoojaNuthula, path.separator=;, kotlinx.coroutines.debug.enable.creation.stack.trace=false, os.version=10.0, java.runtime.name=Java(TM) SE Runtime Environment, file.encoding=UTF-8, java.vm.name=Java HotSpot(TM) 64-Bit Server VM, java.vendor.url.bug=https://bugreport.java.com/bugreport/, java.io.tmpdir=C:\Users\NUTHUL~1\AppData\Local\Temp\, java.version=17.0.10, jboss.modules.system.pkgs=com.intellij.rt, user.dir=C:\Users\nuthula_pooja\BrowserStackSeleniumAssignment, os.arch=amd64, java.vm.specification.name=Java Virtual Machine Specification, sun.os.patch.level=, native.encoding=Cp1252, kotlinx.coroutines.debug.enable.flows.stack.trace=true, java.library.path=C:\Program Files\Java\jdk-17\bin;C:\Windows\Sun\Java\bin;C:\Windows\system32;C:\Windows;C:\Program Files\Common Files\Oracle\Java\javapath;C:\Windows\system32;C:\Windows;C:\Windows\System32\Wbem;C:\Windows\System32\WindowsPowerShell\v1.0\;C:\Windows\System32\OpenSSH\;C:\Program Files\apache-maven-3.9.6\bin;C:\Program Files\Java\jdk-17;C:\Program Files\Java\jdk-17\bin;C:\Users\nuthula_pooja\Downloads\apache-maven-3.9.6-bin\apache-maven-3.9.6\bin;C:\Users\nuthula_pooja\Downloads\allure-2.29.0\allure-2.29.0\bin;C:\Program Files\Amazon\AWSCLIV2\;C:\Program Files\dotnet\;C:\Program Files (x86)\Windows Kits\10\Windows Performance Toolkit\;C:\Program Files\nodejs\;C:\Program Files\Docker\Docker\resources\bin;C:\Program Files\Git\cmd;C:\Users\nuthula_pooja\AppData\Local\Programs\Python\Python312\Scripts\;C:\Users\nuthula_pooja\AppData\Local\Programs\Python\Python312\;C:\Users\nuthula_pooja\AppData\Local\Programs\Python\Launcher\;C:\Program Files\MySQL\MySQL Shell 8.0\bin\;C:\Users\nuthula_pooja\AppData\Local\Microsoft\WindowsApps;C:\Users\nuthula_pooja\Downloads\gradle-8.8-bin\gradle-8.8\bin;C:\Users\nuthula_pooja\AppData\Local\Programs\Microsoft VS Code\bin;C:\Users\nuthula_pooja\AppData\Roaming\npm;., java.vm.info=mixed mode, sharing, java.vendor=Oracle Corporation, java.vm.version=17.0.10+11-LTS-240, sun.io.unicode.encoding=UnicodeLittle, debugger.agent.enable.coroutines=true, java.class.version=61.0}
14:54:09.817 [main] DEBUG browserStackFileDebugger - Running SDK with classpath: C:\Program Files\JetBrains\IntelliJ IDEA Community Edition 2024.1\lib\idea_rt.jar;C:\Program Files\JetBrains\IntelliJ IDEA Community Edition 2024.1\plugins\testng\lib\testng-rt.jar;C:\Users\nuthula_pooja\BrowserStackSeleniumAssignment\target\test-classes;C:\Users\nuthula_pooja\BrowserStackSeleniumAssignment\target\classes;C:\Users\nuthula_pooja\.m2\repository\org\seleniumhq\selenium\selenium-java\4.19.1\selenium-java-4.19.1.jar;C:\Users\nuthula_pooja\.m2\repository\org\seleniumhq\selenium\selenium-api\4.19.1\selenium-api-4.19.1.jar;C:\Users\nuthula_pooja\.m2\repository\org\seleniumhq\selenium\selenium-chrome-driver\4.19.1\selenium-chrome-driver-4.19.1.jar;C:\Users\nuthula_pooja\.m2\repository\com\google\auto\service\auto-service-annotations\1.1.1\auto-service-annotations-1.1.1.jar;C:\Users\nuthula_pooja\.m2\repository\org\seleniumhq\selenium\selenium-chromium-driver\4.19.1\selenium-chromium-driver-4.19.1.jar;C:\Users\nuthula_pooja\.m2\repository\org\seleniumhq\selenium\selenium-json\4.19.1\selenium-json-4.19.1.jar;C:\Users\nuthula_pooja\.m2\repository\org\seleniumhq\selenium\selenium-manager\4.19.1\selenium-manager-4.19.1.jar;C:\Users\nuthula_pooja\.m2\repository\org\seleniumhq\selenium\selenium-devtools-v121\4.19.1\selenium-devtools-v121-4.19.1.jar;C:\Users\nuthula_pooja\.m2\repository\org\seleniumhq\selenium\selenium-devtools-v122\4.19.1\selenium-devtools-v122-4.19.1.jar;C:\Users\nuthula_pooja\.m2\repository\org\seleniumhq\selenium\selenium-devtools-v123\4.19.1\selenium-devtools-v123-4.19.1.jar;C:\Users\nuthula_pooja\.m2\repository\org\seleniumhq\selenium\selenium-devtools-v85\4.19.1\selenium-devtools-v85-4.19.1.jar;C:\Users\nuthula_pooja\.m2\repository\org\seleniumhq\selenium\selenium-edge-driver\4.19.1\selenium-edge-driver-4.19.1.jar;C:\Users\nuthula_pooja\.m2\repository\org\seleniumhq\selenium\selenium-firefox-driver\4.19.1\selenium-firefox-driver-4.19.1.jar;C:\Users\nuthula_pooja\.m2\repository\org\seleniumhq\selenium\selenium-http\4.19.1\selenium-http-4.19.1.jar;C:\Users\nuthula_pooja\.m2\repository\dev\failsafe\failsafe\3.3.2\failsafe-3.3.2.jar;C:\Users\nuthula_pooja\.m2\repository\org\seleniumhq\selenium\selenium-ie-driver\4.19.1\selenium-ie-driver-4.19.1.jar;C:\Users\nuthula_pooja\.m2\repository\org\seleniumhq\selenium\selenium-remote-driver\4.19.1\selenium-remote-driver-4.19.1.jar;C:\Users\nuthula_pooja\.m2\repository\com\google\guava\guava\33.1.0-jre\guava-33.1.0-jre.jar;C:\Users\nuthula_pooja\.m2\repository\com\google\guava\failureaccess\1.0.2\failureaccess-1.0.2.jar;C:\Users\nuthula_pooja\.m2\repository\com\google\guava\listenablefuture\9999.0-empty-to-avoid-conflict-with-guava\listenablefuture-9999.0-empty-to-avoid-conflict-with-guava.jar;C:\Users\nuthula_pooja\.m2\repository\com\google\code\findbugs\jsr305\3.0.2\jsr305-3.0.2.jar;C:\Users\nuthula_pooja\.m2\repository\org\checkerframework\checker-qual\3.42.0\checker-qual-3.42.0.jar;C:\Users\nuthula_pooja\.m2\repository\com\google\errorprone\error_prone_annotations\2.26.1\error_prone_annotations-2.26.1.jar;C:\Users\nuthula_pooja\.m2\repository\com\google\j2objc\j2objc-annotations\3.0.0\j2objc-annotations-3.0.0.jar;C:\Users\nuthula_pooja\.m2\repository\io\opentelemetry\semconv\opentelemetry-semconv\1.23.1-alpha\opentelemetry-semconv-1.23.1-alpha.jar;C:\Users\nuthula_pooja\.m2\repository\io\opentelemetry\opentelemetry-api\1.36.0\opentelemetry-api-1.36.0.jar;C:\Users\nuthula_pooja\.m2\repository\io\opentelemetry\opentelemetry-context\1.36.0\opentelemetry-context-1.36.0.jar;C:\Users\nuthula_pooja\.m2\repository\io\opentelemetry\opentelemetry-exporter-logging\1.36.0\opentelemetry-exporter-logging-1.36.0.jar;C:\Users\nuthula_pooja\.m2\repository\io\opentelemetry\opentelemetry-sdk-common\1.36.0\opentelemetry-sdk-common-1.36.0.jar;C:\Users\nuthula_pooja\.m2\repository\io\opentelemetry\opentelemetry-sdk-extension-autoconfigure-spi\1.36.0\opentelemetry-sdk-extension-autoconfigure-spi-1.36.0.jar;C:\Users\nuthula_pooja\.m2\repository\io\opentelemetry\opentelemetry-sdk-extension-autoconfigure\1.36.0\opentelemetry-sdk-extension-autoconfigure-1.36.0.jar;C:\Users\nuthula_pooja\.m2\repository\io\opentelemetry\opentelemetry-api-events\1.36.0-alpha\opentelemetry-api-events-1.36.0-alpha.jar;C:\Users\nuthula_pooja\.m2\repository\io\opentelemetry\opentelemetry-sdk-trace\1.36.0\opentelemetry-sdk-trace-1.36.0.jar;C:\Users\nuthula_pooja\.m2\repository\io\opentelemetry\opentelemetry-extension-incubator\1.36.0-alpha\opentelemetry-extension-incubator-1.36.0-alpha.jar;C:\Users\nuthula_pooja\.m2\repository\io\opentelemetry\opentelemetry-sdk\1.36.0\opentelemetry-sdk-1.36.0.jar;C:\Users\nuthula_pooja\.m2\repository\io\opentelemetry\opentelemetry-sdk-metrics\1.36.0\opentelemetry-sdk-metrics-1.36.0.jar;C:\Users\nuthula_pooja\.m2\repository\io\opentelemetry\opentelemetry-sdk-logs\1.36.0\opentelemetry-sdk-logs-1.36.0.jar;C:\Users\nuthula_pooja\.m2\repository\net\bytebuddy\byte-buddy\1.14.12\byte-buddy-1.14.12.jar;C:\Users\nuthula_pooja\.m2\repository\org\seleniumhq\selenium\selenium-os\4.19.1\selenium-os-4.19.1.jar;C:\Users\nuthula_pooja\.m2\repository\org\apache\commons\commons-exec\1.3\commons-exec-1.3.jar;C:\Users\nuthula_pooja\.m2\repository\org\seleniumhq\selenium\selenium-safari-driver\4.19.1\selenium-safari-driver-4.19.1.jar;C:\Users\nuthula_pooja\.m2\repository\org\seleniumhq\selenium\selenium-support\4.19.1\selenium-support-4.19.1.jar;C:\Users\nuthula_pooja\.m2\repository\io\rest-assured\rest-assured\5.4.0\rest-assured-5.4.0.jar;C:\Users\nuthula_pooja\.m2\repository\org\apache\groovy\groovy\4.0.16\groovy-4.0.16.jar;C:\Users\nuthula_pooja\.m2\repository\org\apache\groovy\groovy-xml\4.0.16\groovy-xml-4.0.16.jar;C:\Users\nuthula_pooja\.m2\repository\org\apache\httpcomponents\httpclient\4.5.13\httpclient-4.5.13.jar;C:\Users\nuthula_pooja\.m2\repository\org\apache\httpcomponents\httpcore\4.4.13\httpcore-4.4.13.jar;C:\Users\nuthula_pooja\.m2\repository\commons-logging\commons-logging\1.2\commons-logging-1.2.jar;C:\Users\nuthula_pooja\.m2\repository\commons-codec\commons-codec\1.11\commons-codec-1.11.jar;C:\Users\nuthula_pooja\.m2\repository\org\apache\httpcomponents\httpmime\4.5.13\httpmime-4.5.13.jar;C:\Users\nuthula_pooja\.m2\repository\org\hamcrest\hamcrest\2.2\hamcrest-2.2.jar;C:\Users\nuthula_pooja\.m2\repository\org\ccil\cowan\tagsoup\tagsoup\1.2.1\tagsoup-1.2.1.jar;C:\Users\nuthula_pooja\.m2\repository\io\rest-assured\json-path\5.4.0\json-path-5.4.0.jar;C:\Users\nuthula_pooja\.m2\repository\org\apache\groovy\groovy-json\4.0.16\groovy-json-4.0.16.jar;C:\Users\nuthula_pooja\.m2\repository\io\rest-assured\rest-assured-common\5.4.0\rest-assured-common-5.4.0.jar;C:\Users\nuthula_pooja\.m2\repository\io\rest-assured\xml-path\5.4.0\xml-path-5.4.0.jar;C:\Users\nuthula_pooja\.m2\repository\org\json\json\20240303\json-20240303.jar;C:\Users\nuthula_pooja\.m2\repository\io\cucumber\cucumber-testng\7.22.0\cucumber-testng-7.22.0.jar;C:\Users\nuthula_pooja\.m2\repository\org\apiguardian\apiguardian-api\1.1.2\apiguardian-api-1.1.2.jar;C:\Users\nuthula_pooja\.m2\repository\io\cucumber\cucumber-core\7.22.0\cucumber-core-7.22.0.jar;C:\Users\nuthula_pooja\.m2\repository\io\cucumber\cucumber-gherkin\7.22.0\cucumber-gherkin-7.22.0.jar;C:\Users\nuthula_pooja\.m2\repository\io\cucumber\cucumber-gherkin-messages\7.22.0\cucumber-gherkin-messages-7.22.0.jar;C:\Users\nuthula_pooja\.m2\repository\io\cucumber\gherkin\32.1.0\gherkin-32.1.0.jar;C:\Users\nuthula_pooja\.m2\repository\io\cucumber\messages\27.2.0\messages-27.2.0.jar;C:\Users\nuthula_pooja\.m2\repository\io\cucumber\testng-xml-formatter\0.3.1\testng-xml-formatter-0.3.1.jar;C:\Users\nuthula_pooja\.m2\repository\io\cucumber\query\13.3.0\query-13.3.0.jar;C:\Users\nuthula_pooja\.m2\repository\io\cucumber\tag-expressions\6.1.2\tag-expressions-6.1.2.jar;C:\Users\nuthula_pooja\.m2\repository\io\cucumber\cucumber-expressions\18.0.1\cucumber-expressions-18.0.1.jar;C:\Users\nuthula_pooja\.m2\repository\io\cucumber\datatable\7.22.0\datatable-7.22.0.jar;C:\Users\nuthula_pooja\.m2\repository\io\cucumber\cucumber-plugin\7.22.0\cucumber-plugin-7.22.0.jar;C:\Users\nuthula_pooja\.m2\repository\io\cucumber\docstring\7.22.0\docstring-7.22.0.jar;C:\Users\nuthula_pooja\.m2\repository\io\cucumber\html-formatter\21.10.0\html-formatter-21.10.0.jar;C:\Users\nuthula_pooja\.m2\repository\io\cucumber\junit-xml-formatter\0.7.1\junit-xml-formatter-0.7.1.jar;C:\Users\nuthula_pooja\.m2\repository\io\cucumber\ci-environment\10.0.1\ci-environment-10.0.1.jar;C:\Users\nuthula_pooja\.m2\repository\commons-io\commons-io\2.15.1\commons-io-2.15.1.jar;C:\Users\nuthula_pooja\.m2\repository\io\github\bonigarcia\webdrivermanager\5.8.0\webdrivermanager-5.8.0.jar;C:\Users\nuthula_pooja\.m2\repository\org\slf4j\slf4j-api\2.0.12\slf4j-api-2.0.12.jar;C:\Users\nuthula_pooja\.m2\repository\com\google\code\gson\gson\2.10.1\gson-2.10.1.jar;C:\Users\nuthula_pooja\.m2\repository\com\github\docker-java\docker-java\3.3.6\docker-java-3.3.6.jar;C:\Users\nuthula_pooja\.m2\repository\com\github\docker-java\docker-java-core\3.3.6\docker-java-core-3.3.6.jar;C:\Users\nuthula_pooja\.m2\repository\com\github\docker-java\docker-java-api\3.3.6\docker-java-api-3.3.6.jar;C:\Users\nuthula_pooja\.m2\repository\com\fasterxml\jackson\core\jackson-annotations\2.10.3\jackson-annotations-2.10.3.jar;C:\Users\nuthula_pooja\.m2\repository\com\fasterxml\jackson\core\jackson-databind\2.10.3\jackson-databind-2.10.3.jar;C:\Users\nuthula_pooja\.m2\repository\com\fasterxml\jackson\core\jackson-core\2.10.3\jackson-core-2.10.3.jar;C:\Users\nuthula_pooja\.m2\repository\org\bouncycastle\bcpkix-jdk18on\1.76\bcpkix-jdk18on-1.76.jar;C:\Users\nuthula_pooja\.m2\repository\org\bouncycastle\bcprov-jdk18on\1.76\bcprov-jdk18on-1.76.jar;C:\Users\nuthula_pooja\.m2\repository\org\bouncycastle\bcutil-jdk18on\1.76\bcutil-jdk18on-1.76.jar;C:\Users\nuthula_pooja\.m2\repository\org\slf4j\jcl-over-slf4j\1.7.30\jcl-over-slf4j-1.7.30.jar;C:\Users\nuthula_pooja\.m2\repository\com\github\docker-java\docker-java-transport-httpclient5\3.3.6\docker-java-transport-httpclient5-3.3.6.jar;C:\Users\nuthula_pooja\.m2\repository\com\github\docker-java\docker-java-transport\3.3.6\docker-java-transport-3.3.6.jar;C:\Users\nuthula_pooja\.m2\repository\net\java\dev\jna\jna\5.13.0\jna-5.13.0.jar;C:\Users\nuthula_pooja\.m2\repository\org\brotli\dec\0.1.2\dec-0.1.2.jar;C:\Users\nuthula_pooja\.m2\repository\org\apache\commons\commons-lang3\3.14.0\commons-lang3-3.14.0.jar;C:\Users\nuthula_pooja\.m2\repository\org\apache\commons\commons-compress\1.26.1\commons-compress-1.26.1.jar;C:\Users\nuthula_pooja\.m2\repository\org\apache\httpcomponents\client5\httpclient5\5.2.1\httpclient5-5.2.1.jar;C:\Users\nuthula_pooja\.m2\repository\org\apache\httpcomponents\core5\httpcore5\5.2\httpcore5-5.2.jar;C:\Users\nuthula_pooja\.m2\repository\org\apache\httpcomponents\core5\httpcore5-h2\5.2\httpcore5-h2-5.2.jar;C:\Users\nuthula_pooja\.m2\repository\org\testng\testng\7.10.2\testng-7.10.2.jar;C:\Users\nuthula_pooja\.m2\repository\com\beust\jcommander\1.82\jcommander-1.82.jar;C:\Users\nuthula_pooja\.m2\repository\org\webjars\jquery\3.7.1\jquery-3.7.1.jar;C:\Users\nuthula_pooja\.m2\repository\io\cucumber\cucumber-java\7.22.0\cucumber-java-7.22.0.jar;C:\Users\nuthula_pooja\.m2\repository\io\cucumber\cucumber-junit\7.22.0\cucumber-junit-7.22.0.jar;C:\Users\nuthula_pooja\.m2\repository\junit\junit\4.13.2\junit-4.13.2.jar;C:\Users\nuthula_pooja\.m2\repository\org\hamcrest\hamcrest-core\1.3\hamcrest-core-1.3.jar;C:\Users\nuthula_pooja\.m2\repository\com\browserstack\browserstack-java-sdk\1.32.13\browserstack-java-sdk-1.32.13.jar
14:54:10.254 [main] INFO  c.browserstack.BrowserStackJavaAgent - Selenium version detected - 4.19.1
14:54:10.255 [main] INFO  c.browserstack.BrowserStackJavaAgent - Appium version detected - 
14:54:10.783 [main] DEBUG c.b.config.BrowserStackConfig - Cli Config passed - {}
14:54:10.784 [main] INFO  c.browserstack.utils.UtilityMethods - BrowserStack Yml Detected : C:\Users\nuthula_pooja\BrowserStackSeleniumAssignment\browserstack.yml
14:54:11.035 [main] INFO  c.b.config.BrowserStackConfig - Detected Framework testng
14:54:11.050 [main] INFO  c.b.config.BrowserStackConfig - Setting value of browserstackAutomation as specified in your browserstack.yml to false
14:54:11.051 [main] INFO  c.b.config.BrowserStackConfig - Setting value of testObservability as specified in your browserstack.yml to true
14:54:11.577 [main] DEBUG c.b.logger.BrowserstackLoggerFactory - Log Level set to TRACE for logger com.browserstack
14:54:11.577 [main] DEBUG c.b.logger.BrowserstackLoggerFactory - Log Level set to INFO for logger stdoutPrinter
14:54:12.315 [main] DEBUG c.b.utils.FrameworkDetectionUtils - Java command - com.intellij.rt.testng.RemoteTestNGStarter -usedefaultlisteners false -socket61432 @w@C:\Users\nuthula_pooja\AppData\Local\Temp\idea_working_dirs_testng.tmp -temp C:\Users\nuthula_pooja\AppData\Local\Temp\idea_testng.tmp
14:54:12.315 [main] DEBUG c.b.utils.FrameworkDetectionUtils - Test classes detected: 
14:54:12.323 [main] DEBUG c.b.utils.FrameworkDetectionUtils - Runner: testng, Engine: none
14:54:12.366 [main] DEBUG c.b.utils.FrameworkDetectionUtils - Runner: testng, Engine: cucumber from dependencies
14:54:12.366 [main] DEBUG c.b.utils.FrameworkDetectionUtils - Detected final framework as: cucumber-testng
14:54:12.366 [main] DEBUG c.browserstack.BrowserStackJavaAgent - JavaAgent Version 1.32.13
14:54:12.406 [main] DEBUG c.b.utils.ExitSignalHandler - Registered handler for INT
14:54:12.407 [main] DEBUG c.b.utils.ExitSignalHandler - Registered handler for TERM
14:54:12.407 [main] DEBUG c.b.utils.ExitSignalHandler - Unable to attach signal handler for HUP Unknown signal: HUP
14:54:12.407 [main] DEBUG c.b.utils.ExitSignalHandler - Registered handler for ABRT
14:54:12.407 [main] INFO  c.browserstack.BrowserStackJavaAgent - SDK run started with id: 8503428d-736f-42fa-8c47-aeb0a8ae410c
14:54:12.407 [main] INFO  c.b.config.BrowserStackConfig - INFO
14:54:12.463 [main] DEBUG com.browserstack.v2.SdkCliUtils - File C:\Users\nuthula_pooja\.browserstack already exist
14:54:12.464 [main] DEBUG com.browserstack.v2.SdkCliUtils - getExistingCliPath: no binary found
14:54:12.464 [main] DEBUG com.browserstack.v2.SdkCliUtils - Current CLI Path Found: 
14:54:13.396 [main] DEBUG com.browserstack.v2.SdkCliUtils - Need to update binary, current binary version: 0
14:54:13.396 [main] DEBUG com.browserstack.v2.SdkCliUtils - Downloading SDK binary from: https://sdk-assets.browserstack.com/binary-win-x64-1.4.1.zip
14:54:20.323 [main] DEBUG com.browserstack.v2.SdkCliUtils - Files successfully extracted to: C:\Users\nuthula_pooja\.browserstack\cli
14:54:20.327 [main] DEBUG com.browserstack.v2.SdkCliUtils - Resolved binary path: C:\Users\nuthula_pooja\.browserstack\cli\binary-win-x64.exe
14:54:20.342 [main] INFO  com.browserstack.v2.SdkCLI - Disabling Cli for framework=cucumber-testng
14:54:20.433 [main] DEBUG c.b.utils.FrameworkDetectionUtils - Couldn't find dependency class: appium
14:54:20.435 [main] DEBUG c.b.utils.FunnelInstrumentation - Sending funnel data for SDKTestAttempted with data: {"event_type":"SDKTestAttempted","accessKey":"[REDACTED]","userName":"[REDACTED]","event_properties":{"product":"[observability]","buildName":"browserstack build","os":"Windows 11","languageVersion":"17.0.10","appiumVersion":"","frameworkDetectionInstrumentation":{"parseLoadClass":4,"parseDependencies":43},"language":"java","sdkRunId":"8503428d-736f-42fa-8c47-aeb0a8ae410c","buildIdentifier":"#1","userFramework":"cucumber-testng","testhub_uuid":"","detectedAppiumVersion":"null","detectedDependencies":"cucumber, testng","productMap":{"app_automate":false,"accessibility":null,"automate":false,"percy":false,"observability":true,"turboscale":false},"referrer":"cucumber-testng-javaagent\/1.32.13","hostname":"EPINHYDW0F53","framework":"cucumber-testng","frameworkVersion":"","language_framework":"java_cucumber-testng","detectedFramework":"cucumber-testng","detectedSeleniumVersion":"4.19.1","automationFramework":"selenium","automationFrameworkVersion":"4.19.1","seleniumVersion":"4.19.1"}}
14:54:20.955 [main] DEBUG c.b.utils.FunnelInstrumentation - API Event SDKTestAttempted, response: {"message":"SDK Event recorded successfully"}
14:54:20.956 [main] INFO  c.browserstack.BrowserStackJavaAgent - Project and debug logs are captured by default. To disable, set disableAutoCaptureLogs: true in config.
14:54:24.320 [main] DEBUG c.b.monitoring.PerformanceTester - Failed to append key metrics to file C:\Users\nuthula_pooja\BrowserStackSeleniumAssignment\log\key-metrics.json
14:54:24.320 [main] DEBUG c.browserstack.testOps.RequestUtils - [ TESTHUB ] Processing Request Kind launchTestSession
14:54:24.320 [main] DEBUG c.browserstack.testOps.RequestUtils - [requestToTestOps] Sending Observability request: POST api/v2/builds with request size 1352
14:54:24.320 [main] DEBUG c.browserstack.testOps.RequestUtils - [makeRequest] Sending request: POST https://collector-observability.browserstack.com/api/v2/builds with request size 1352
14:54:25.869 [main] DEBUG c.browserstack.testOps.RequestUtils - [makeRequest]: Response code: 200
14:54:25.869 [main] DEBUG c.browserstack.testOps.RequestUtils - requestToTestOps: Response code: 200
14:54:25.870 [main] INFO  com.browserstack.testOps.Listener - Testhub started with id: knbuzmidmbnt0ynxhk8bv3tf0ssipdi7hbjszhgk
14:54:25.871 [main] INFO  c.b.config.BrowserStackConfig - INFO
14:54:25.871 [main] DEBUG com.browserstack.testOps.Listener - BROWSERSTACK_TESTHUB_UUID : knbuzmidmbnt0ynxhk8bv3tf0ssipdi7hbjszhgk
14:54:25.882 [main] DEBUG com.browserstack.testOps.Listener - The 'accessibility' key was not found in the response
14:54:25.882 [main] DEBUG com.browserstack.testOps.Listener - [ TESTHUB ] Build creation successfull
14:54:25.882 [main] INFO  c.browserstack.BrowserStackJavaAgent - Starting Percy......
14:54:25.926 [main] DEBUG com.browserstack.PercyFactory - Fetching token for BrowserStack Assignment
14:54:26.486 [main] ERROR com.browserstack.PercyFactory - Initialization of percy failed - java.lang.Exception: Could not get percy token
	at com.browserstack.PercyFactory.<init>(Unknown Source)
	at com.browserstack.PercyFactory.a(Unknown Source)
	at com.browserstack.PercyFactory.a(Unknown Source)
	at com.browserstack.PercyFactory.createInstance(Unknown Source)
	at com.browserstack.BrowserStackJavaAgent.b(Unknown Source)
	at com.browserstack.BrowserStackJavaAgent.a(Unknown Source)
	at com.browserstack.BrowserStackJavaAgent.startBrowserStackAgent(Unknown Source)
	at com.browserstack.BrowserStackJavaAgent.premain(Unknown Source)
	at java.base/jdk.internal.reflect.NativeMethodAccessorImpl.invoke0(Native Method)
	at java.base/jdk.internal.reflect.NativeMethodAccessorImpl.invoke(NativeMethodAccessorImpl.java:77)
	at java.base/jdk.internal.reflect.DelegatingMethodAccessorImpl.invoke(DelegatingMethodAccessorImpl.java:43)
	at java.base/java.lang.reflect.Method.invoke(Method.java:568)
	at java.instrument/sun.instrument.InstrumentationImpl.loadClassAndStartAgent(InstrumentationImpl.java:491)
	at java.instrument/sun.instrument.InstrumentationImpl.loadClassAndCallPremain(InstrumentationImpl.java:503)

14:54:26.486 [main] DEBUG c.browserstack.utils.UtilityMethods - Setting the cucumber parallel enabled to true
14:54:27.804 [main] DEBUG com.browserstack.testOps.Listener - [ TESTHUB ] Processing Request Kind LogCreated
14:54:27.857 [main] DEBUG com.browserstack.testOps.Listener - [ TESTHUB ] Processing Request Kind LogCreated
14:54:27.884 [main] DEBUG com.browserstack.testOps.Listener - [ TESTHUB ] Processing Request Kind LogCreated
14:54:27.897 [main] DEBUG com.browserstack.testOps.Listener - [ TESTHUB ] Processing Request Kind LogCreated
14:54:27.909 [main] DEBUG com.browserstack.testOps.Listener - [ TESTHUB ] Processing Request Kind LogCreated
14:54:27.921 [main] DEBUG com.browserstack.testOps.Listener - [ TESTHUB ] Processing Request Kind LogCreated
14:54:27.930 [main] DEBUG com.browserstack.testOps.Listener - [ TESTHUB ] Processing Request Kind LogCreated
14:54:27.938 [main] DEBUG com.browserstack.testOps.Listener - [ TESTHUB ] Processing Request Kind LogCreated
14:54:27.947 [main] DEBUG com.browserstack.testOps.Listener - [ TESTHUB ] Processing Request Kind LogCreated
14:54:27.956 [main] DEBUG com.browserstack.testOps.Listener - [ TESTHUB ] Processing Request Kind LogCreated
14:54:27.973 [main] DEBUG com.browserstack.testOps.Listener - [ TESTHUB ] Processing Request Kind LogCreated
14:54:27.983 [main] DEBUG com.browserstack.testOps.Listener - [ TESTHUB ] Processing Request Kind LogCreated
14:54:27.991 [main] DEBUG com.browserstack.testOps.Listener - [ TESTHUB ] Processing Request Kind LogCreated
14:54:28.000 [main] DEBUG com.browserstack.testOps.Listener - [ TESTHUB ] Processing Request Kind LogCreated
14:54:28.009 [main] DEBUG com.browserstack.testOps.Listener - [ TESTHUB ] Processing Request Kind LogCreated
14:54:28.055 [main] DEBUG com.browserstack.testOps.Listener - [ TESTHUB ] Processing Request Kind LogCreated
14:54:28.064 [main] DEBUG c.browserstack.utils.LogReportingAPI - [2025-06-24T09:24:28.064524100Z][ OBSERVABILITY ] Processing Logs patching stream
14:54:28.070 [main] DEBUG c.b.monitoring.PerformanceTester - Failed to append key metrics to file C:\Users\nuthula_pooja\BrowserStackSeleniumAssignment\log\key-metrics.json
14:54:28.123 [setUpClass@null] DEBUG c.b.testNgListeners.TestNGUtils - [populateTestDataForBSTestOps] Event Type :: HookRunStarted, Method ClassName :: io.cucumber.testng.AbstractTestNGCucumberTests 
14:54:28.123 [setUpClass@null] DEBUG c.browserstack.utils.UtilityMethods - [findFileMatcher] Current Path is :: C:\Users\nuthula_pooja\BrowserStackSeleniumAssignment, TestClass :: io\cucumber\testng\AbstractTestNGCucumberTests
14:54:28.236 [setUpClass@null] DEBUG c.b.testNgListeners.TestNGUtils - [populateTestDataForBSTestOps] The filename fetched :: null, fileSeparator :: \, AbsolutePath :: C:\Users\nuthula_pooja\BrowserStackSeleniumAssignment\., Normalized Path :: C:\Users\nuthula_pooja\BrowserStackSeleniumAssignment, File.Separator :: \
14:54:28.236 [setUpClass@null] DEBUG c.b.testNgListeners.TestNGUtils - [populateTestDataForBSTestOps] Fallback File Name is :: AppData\Local\JetBrains\IdeaIC2025.1\temp-testng-customsuite.xml, Suite File Name :: C:\Users\nuthula_pooja\AppData\Local\JetBrains\IdeaIC2025.1\temp-testng-customsuite.xml
14:54:28.249 [setUpClass@null] DEBUG com.browserstack.testOps.Listener - [ TESTHUB ] Processing Request Kind HookRunStarted
14:54:28.250 [setUpClass@null] DEBUG c.b.monitoring.PerformanceTester - Failed to append key metrics to file C:\Users\nuthula_pooja\BrowserStackSeleniumAssignment\log\key-metrics.json
14:54:29.072 [runScenario@null] DEBUG c.b.testNgListeners.TestNGUtils - [populateTestDataForBSTestOps] Event Type :: TestRunStarted, Test ClassName :: com.browserStack.Runner.TestRunner 
14:54:29.072 [runScenario@null] DEBUG c.browserstack.utils.UtilityMethods - [findFileMatcher] Current Path is :: C:\Users\nuthula_pooja\BrowserStackSeleniumAssignment, TestClass :: com\browserStack\Runner\TestRunner
14:54:29.130 [runScenario@null] DEBUG c.b.testNgListeners.TestNGUtils - [populateTestDataForBSTestOps] The filename fetched :: C:\Users\nuthula_pooja\BrowserStackSeleniumAssignment\src\test\java\com\browserStack\Runner\TestRunner.java, fileSeparator :: \, AbsolutePath :: C:\Users\nuthula_pooja\BrowserStackSeleniumAssignment\., Normalized Path :: C:\Users\nuthula_pooja\BrowserStackSeleniumAssignment, File.Separator :: \
14:54:29.130 [runScenario@null] DEBUG c.b.testNgListeners.TestNGUtils - [populateTestDataForBSTestOps] Replaced File Name is :: BrowserStackSeleniumAssignment\src\test\java\com\browserStack\Runner\TestRunner.java, Absolute Path :: C:\Users\nuthula_pooja\BrowserStackSeleniumAssignment\.., Normalized Path :: C:\Users\nuthula_pooja 
14:54:29.140 [runScenario@null] DEBUG c.b.testNgListeners.TestNGUtils - [populateTestDataForBSTestOps] Feature File Details :: BrowserStackSeleniumAssignment/src/test/resources/features/ElPaisOpinionArticles.feature
14:54:29.150 [runScenario@null] DEBUG com.browserstack.testOps.Listener - [ TESTHUB ] Processing Request Kind TestRunStarted
14:54:29.151 [runScenario@null] DEBUG c.b.monitoring.PerformanceTester - Failed to append key metrics to file C:\Users\nuthula_pooja\BrowserStackSeleniumAssignment\log\key-metrics.json
14:54:29.362 [runScenario@null] DEBUG c.b.selenium.SeleniumHandler - beforeDriverInit: SDK enabled. Thread ID: 1
14:54:29.362 [runScenario@null] DEBUG c.b.s.SeleniumMutableCapsUtils - addBStackSDK: Adding browserstackSDK cap using Mutable caps
14:54:29.364 [runScenario@null] DEBUG c.b.utils.SeleniumMethodUtils - getURLFromCommandExecutor: Getting Hub url from TracedCommandExecutor
14:54:29.364 [runScenario@null] DEBUG c.b.utils.SeleniumMethodUtils - getURLFromCommandExecutor: Found url: https://hub-cloud.browserstack.com/wd/hub
14:54:29.365 [runScenario@null] DEBUG c.b.s.SeleniumMutableCapsUtils - addBStackSDK: Adding browserstackSDK cap in W3c mode
14:54:29.365 [runScenario@null] DEBUG c.b.selenium.SeleniumHandler - Exception while adding BStack capabilities: java.lang.ClassCastException: class org.openqa.selenium.MutableCapabilities cannot be cast to class java.util.Map (org.openqa.selenium.MutableCapabilities is in unnamed module of loader 'app'; java.util.Map is in module java.base of loader 'bootstrap')
	at com.browserstack.selenium.SeleniumMutableCapsUtils.addBStackSDK(Unknown Source)
	at com.browserstack.selenium.SeleniumHandler.addBstackCapabilities(Unknown Source)
	at com.browserstack.selenium.SeleniumHandler.beforeDriverInit(Unknown Source)
	at org.openqa.selenium.remote.RemoteWebDriver.<init>(RemoteWebDriver.java)
	at org.openqa.selenium.remote.RemoteWebDriver.<init>(RemoteWebDriver.java:141)
	at com.browserStack.utilities.DriverSingleton.createRemoteDriver(DriverSingleton.java:75)
	at com.browserStack.utilities.DriverSingleton.getDriver(DriverSingleton.java:26)
	at com.browserStack.stepDefinitions.ElPaisOpinionArticlesStepDefiniton.iOpenTheBrowserAndNavigateToTheElPa√≠sOpinionSection(ElPaisOpinionArticlesStepDefiniton.java:27)
	at java.base/jdk.internal.reflect.NativeMethodAccessorImpl.invoke0(Native Method)
	at java.base/jdk.internal.reflect.NativeMethodAccessorImpl.invoke(NativeMethodAccessorImpl.java:77)
	at java.base/jdk.internal.reflect.DelegatingMethodAccessorImpl.invoke(DelegatingMethodAccessorImpl.java:43)
	at java.base/java.lang.reflect.Method.invoke(Method.java:568)
	at io.cucumber.java.Invoker.doInvoke(Invoker.java:66)
	at io.cucumber.java.Invoker.invoke(Invoker.java:24)
	at io.cucumber.java.AbstractGlueDefinition.invokeMethod(AbstractGlueDefinition.java:47)
	at io.cucumber.java.JavaStepDefinition.execute(JavaStepDefinition.java:29)
	at io.cucumber.core.runner.CoreStepDefinition.execute(CoreStepDefinition.java:66)
	at io.cucumber.core.runner.PickleStepDefinitionMatch.runStep(PickleStepDefinitionMatch.java:62)
	at io.cucumber.core.runner.ExecutionMode$1.execute(ExecutionMode.java:10)
	at io.cucumber.core.runner.TestStep.executeStep(TestStep.java:81)
	at io.cucumber.core.runner.TestStep.run(TestStep.java:53)
	at io.cucumber.core.runner.PickleStepTestStep.run(PickleStepTestStep.java:51)
	at io.cucumber.core.runner.TestCase.run(TestCase.java:86)
	at io.cucumber.core.runner.Runner.runPickle(Runner.java:77)
	at io.cucumber.testng.TestNGCucumberRunner.lambda$runScenario$1(TestNGCucumberRunner.java:135)
	at io.cucumber.core.runtime.CucumberExecutionContext.lambda$runTestCase$5(CucumberExecutionContext.java:136)
	at io.cucumber.core.runtime.RethrowingThrowableCollector.executeAndThrow(RethrowingThrowableCollector.java:23)
	at io.cucumber.core.runtime.CucumberExecutionContext.runTestCase(CucumberExecutionContext.java:136)
	at io.cucumber.testng.TestNGCucumberRunner.runScenario(TestNGCucumberRunner.java:132)
	at io.cucumber.testng.AbstractTestNGCucumberTests.runScenario(AbstractTestNGCucumberTests.java:35)
	at java.base/jdk.internal.reflect.NativeMethodAccessorImpl.invoke0(Native Method)
	at java.base/jdk.internal.reflect.NativeMethodAccessorImpl.invoke(NativeMethodAccessorImpl.java:77)
	at java.base/jdk.internal.reflect.DelegatingMethodAccessorImpl.invoke(DelegatingMethodAccessorImpl.java:43)
	at java.base/java.lang.reflect.Method.invoke(Method.java:568)
	at org.testng.internal.invokers.MethodInvocationHelper.invokeMethod(MethodInvocationHelper.java:141)
	at org.testng.internal.invokers.TestInvoker.invokeMethod(TestInvoker.java:686)
	at org.testng.internal.invokers.TestInvoker.invokeTestMethod(TestInvoker.java:230)
	at org.testng.internal.invokers.MethodRunner.runInSequence(MethodRunner.java:63)
	at org.testng.internal.invokers.TestInvoker$MethodInvocationAgent.invoke(TestInvoker.java:992)
	at org.testng.internal.invokers.TestInvoker.invokeTestMethods(TestInvoker.java:203)
	at org.testng.internal.invokers.TestMethodWorker.invokeTestMethods(TestMethodWorker.java:154)
	at org.testng.internal.invokers.TestMethodWorker.run(TestMethodWorker.java:134)
	at java.base/java.util.ArrayList.forEach(ArrayList.java:1511)
	at org.testng.TestRunner.privateRun(TestRunner.java:739)
	at org.testng.TestRunner.run(TestRunner.java:614)
	at org.testng.SuiteRunner.runTest(SuiteRunner.java:421)
	at org.testng.SuiteRunner.runSequentially(SuiteRunner.java:413)
	at org.testng.SuiteRunner.privateRun(SuiteRunner.java:373)
	at org.testng.SuiteRunner.run(SuiteRunner.java:312)
	at org.testng.SuiteRunnerWorker.runSuite(SuiteRunnerWorker.java:52)
	at org.testng.SuiteRunnerWorker.run(SuiteRunnerWorker.java:95)
	at org.testng.TestNG.runSuitesSequentially(TestNG.java:1274)
	at org.testng.TestNG.runSuitesLocally(TestNG.java:1208)
	at org.testng.TestNG.runSuites(TestNG.java:1112)
	at org.testng.TestNG.run(TestNG.java:1079)
	at com.intellij.rt.testng.IDEARemoteTestNG.run(IDEARemoteTestNG.java:65)
	at com.intellij.rt.testng.RemoteTestNGStarter.main(RemoteTestNGStarter.java:105)

14:54:29.367 [runScenario@null] DEBUG c.b.monitoring.PerformanceTester - Failed to append key metrics to file C:\Users\nuthula_pooja\BrowserStackSeleniumAssignment\log\key-metrics.json
14:54:29.368 [runScenario@null] DEBUG c.b.monitoring.PerformanceTester - Failed to append key metrics to file C:\Users\nuthula_pooja\BrowserStackSeleniumAssignment\log\key-metrics.json
14:54:29.845 [pool-4-thread-1] DEBUG c.browserstack.utils.RequestBatcher - Time Since Last Batch Processed 1750757069845

14:54:29.852 [pool-5-thread-1] DEBUG c.browserstack.utils.RequestBatcher - Processing Batch 18

14:54:29.853 [pool-5-thread-1] DEBUG c.browserstack.testOps.RequestUtils - [requestToTestOps] Sending Observability request: POST api/v1/batch with request size 6287
14:54:29.854 [pool-5-thread-1] DEBUG c.browserstack.testOps.RequestUtils - [makeRequest] Sending request: POST https://collector-observability.browserstack.com/api/v1/batch with request size 6287
14:54:30.170 [pool-5-thread-1] DEBUG c.browserstack.testOps.RequestUtils - [makeRequest]: Response code: 200
14:54:30.170 [pool-5-thread-1] DEBUG c.browserstack.testOps.RequestUtils - requestToTestOps: Response code: 200
14:54:30.170 [pool-5-thread-1] DEBUG c.browserstack.utils.LogReportingAPI - 
[2025-06-24T09:24:30.170758200Z][ TESTHUB ] Batch event successfull!

14:54:33.846 [pool-4-thread-1] DEBUG c.browserstack.utils.RequestBatcher - Time Since Last Batch Processed 4000

14:54:37.855 [pool-4-thread-1] DEBUG c.browserstack.utils.RequestBatcher - Time Since Last Batch Processed 4009

14:54:41.845 [pool-4-thread-1] DEBUG c.browserstack.utils.RequestBatcher - Time Since Last Batch Processed 3989

14:54:45.845 [pool-4-thread-1] DEBUG c.browserstack.utils.RequestBatcher - Time Since Last Batch Processed 4000

14:54:46.203 [runScenario@null] DEBUG c.b.selenium.SeleniumHandler - afterDriverInit: requested
14:54:46.215 [runScenario@null] DEBUG c.b.utils.SeleniumMethodUtils - getURLFromCommandExecutor: Getting Hub url from TracedCommandExecutor
14:54:46.216 [runScenario@null] DEBUG c.b.utils.SeleniumMethodUtils - getURLFromCommandExecutor: Found url: https://hub-cloud.browserstack.com/wd/hub
14:54:46.216 [runScenario@null] DEBUG c.b.utils.SeleniumMethodUtils - getURLFromCommandExecutor: Getting Hub url from TracedCommandExecutor
14:54:46.216 [runScenario@null] DEBUG c.b.utils.SeleniumMethodUtils - getURLFromCommandExecutor: Found url: https://hub-cloud.browserstack.com/wd/hub
14:54:46.226 [runScenario@null] DEBUG c.b.utils.SeleniumMethodUtils - getURLFromCommandExecutor: Getting Hub url from TracedCommandExecutor
14:54:46.226 [runScenario@null] DEBUG c.b.utils.SeleniumMethodUtils - getURLFromCommandExecutor: Found url: https://hub-cloud.browserstack.com/wd/hub
14:54:46.226 [runScenario@null] DEBUG c.b.utils.SeleniumMethodUtils - getURLFromCommandExecutor: Getting Hub url from TracedCommandExecutor
14:54:46.226 [runScenario@null] DEBUG c.b.utils.SeleniumMethodUtils - getURLFromCommandExecutor: Found url: https://hub-cloud.browserstack.com/wd/hub
14:54:46.231 [runScenario@null] DEBUG com.browserstack.testOps.Listener - [ TESTHUB ] Processing Request Kind CBTSessionCreated
14:54:46.231 [runScenario@null] DEBUG c.b.selenium.SeleniumHandler - CBT session details sent to TestHub for ee8745f6c20dd64df49ab520541e6601e5407023
14:54:46.231 [runScenario@null] DEBUG c.b.monitoring.PerformanceTester - Failed to append key metrics to file C:\Users\nuthula_pooja\BrowserStackSeleniumAssignment\log\key-metrics.json
14:54:49.846 [pool-4-thread-1] DEBUG c.browserstack.utils.RequestBatcher - Time Since Last Batch Processed 4001

14:54:49.846 [pool-5-thread-1] DEBUG c.browserstack.utils.RequestBatcher - Processing Batch 1

14:54:49.846 [pool-5-thread-1] DEBUG c.browserstack.testOps.RequestUtils - [requestToTestOps] Sending Observability request: POST api/v1/batch with request size 1307
14:54:49.846 [pool-5-thread-1] DEBUG c.browserstack.testOps.RequestUtils - [makeRequest] Sending request: POST https://collector-observability.browserstack.com/api/v1/batch with request size 1307
14:54:50.242 [pool-5-thread-1] DEBUG c.browserstack.testOps.RequestUtils - [makeRequest]: Response code: 200
14:54:50.244 [pool-5-thread-1] DEBUG c.browserstack.testOps.RequestUtils - requestToTestOps: Response code: 200
14:54:50.244 [pool-5-thread-1] DEBUG c.browserstack.utils.LogReportingAPI - 
[2025-06-24T09:24:50.244246500Z][ TESTHUB ] Batch event successfull!

14:54:53.844 [pool-4-thread-1] DEBUG c.browserstack.utils.RequestBatcher - Time Since Last Batch Processed 3998

14:54:55.845 [pool-4-thread-1] DEBUG c.browserstack.utils.RequestBatcher - Time Since Last Batch Processed 2001

14:54:59.844 [pool-4-thread-1] DEBUG c.browserstack.utils.RequestBatcher - Time Since Last Batch Processed 3999

14:55:00.181 [runScenario@null] DEBUG com.browserstack.testOps.Listener - [ TESTHUB ] Processing Request Kind LogCreated
14:55:02.718 [runScenario@null] DEBUG c.b.testNgListeners.TestNGUtils - [populateTestDataForBSTestOps] Event Type :: HookRunFinished, Method ClassName :: io.cucumber.testng.AbstractTestNGCucumberTests 
14:55:02.719 [runScenario@null] DEBUG c.browserstack.utils.UtilityMethods - [findFileMatcher] Current Path is :: C:\Users\nuthula_pooja\BrowserStackSeleniumAssignment, TestClass :: io\cucumber\testng\AbstractTestNGCucumberTests
14:55:02.770 [runScenario@null] DEBUG c.b.testNgListeners.TestNGUtils - [populateTestDataForBSTestOps] The filename fetched :: null, fileSeparator :: \, AbsolutePath :: C:\Users\nuthula_pooja\BrowserStackSeleniumAssignment\., Normalized Path :: C:\Users\nuthula_pooja\BrowserStackSeleniumAssignment, File.Separator :: \
14:55:02.770 [runScenario@null] DEBUG c.b.testNgListeners.TestNGUtils - [populateTestDataForBSTestOps] Fallback File Name is :: AppData\Local\JetBrains\IdeaIC2025.1\temp-testng-customsuite.xml, Suite File Name :: C:\Users\nuthula_pooja\AppData\Local\JetBrains\IdeaIC2025.1\temp-testng-customsuite.xml
14:55:02.775 [runScenario@null] DEBUG c.b.utils.SeleniumMethodUtils - getURLFromCommandExecutor: Getting Hub url from TracedCommandExecutor
14:55:02.775 [runScenario@null] DEBUG c.b.utils.SeleniumMethodUtils - getURLFromCommandExecutor: Found url: https://hub-cloud.browserstack.com/wd/hub
14:55:02.775 [runScenario@null] DEBUG c.b.utils.SeleniumMethodUtils - getURLFromCommandExecutor: Getting Hub url from TracedCommandExecutor
14:55:02.775 [runScenario@null] DEBUG c.b.utils.SeleniumMethodUtils - getURLFromCommandExecutor: Found url: https://hub-cloud.browserstack.com/wd/hub
14:55:02.784 [runScenario@null] DEBUG com.browserstack.testOps.Listener - [ TESTHUB ] Processing Request Kind HookRunFinished
14:55:02.785 [runScenario@null] DEBUG c.b.monitoring.PerformanceTester - Failed to append key metrics to file C:\Users\nuthula_pooja\BrowserStackSeleniumAssignment\log\key-metrics.json
14:55:02.785 [runScenario@null] DEBUG c.b.testNgListeners.TestNGUtils - [populateTestDataForBSTestOps] Event Type :: TestRunFinished, Test ClassName :: com.browserStack.Runner.TestRunner 
14:55:02.785 [runScenario@null] DEBUG c.browserstack.utils.UtilityMethods - [findFileMatcher] Current Path is :: C:\Users\nuthula_pooja\BrowserStackSeleniumAssignment, TestClass :: com\browserStack\Runner\TestRunner
14:55:02.832 [runScenario@null] DEBUG c.b.testNgListeners.TestNGUtils - [populateTestDataForBSTestOps] The filename fetched :: C:\Users\nuthula_pooja\BrowserStackSeleniumAssignment\src\test\java\com\browserStack\Runner\TestRunner.java, fileSeparator :: \, AbsolutePath :: C:\Users\nuthula_pooja\BrowserStackSeleniumAssignment\., Normalized Path :: C:\Users\nuthula_pooja\BrowserStackSeleniumAssignment, File.Separator :: \
14:55:02.832 [runScenario@null] DEBUG c.b.testNgListeners.TestNGUtils - [populateTestDataForBSTestOps] Replaced File Name is :: BrowserStackSeleniumAssignment\src\test\java\com\browserStack\Runner\TestRunner.java, Absolute Path :: C:\Users\nuthula_pooja\BrowserStackSeleniumAssignment\.., Normalized Path :: C:\Users\nuthula_pooja 
14:55:02.845 [runScenario@null] DEBUG c.b.utils.SeleniumMethodUtils - getURLFromCommandExecutor: Getting Hub url from TracedCommandExecutor
14:55:02.846 [runScenario@null] DEBUG c.b.utils.SeleniumMethodUtils - getURLFromCommandExecutor: Found url: https://hub-cloud.browserstack.com/wd/hub
14:55:02.846 [runScenario@null] DEBUG c.b.utils.SeleniumMethodUtils - getURLFromCommandExecutor: Getting Hub url from TracedCommandExecutor
14:55:02.846 [runScenario@null] DEBUG c.b.utils.SeleniumMethodUtils - getURLFromCommandExecutor: Found url: https://hub-cloud.browserstack.com/wd/hub
14:55:02.850 [runScenario@null] DEBUG c.b.testNgListeners.TestNGUtils - [populateTestDataForBSTestOps] Feature File Details :: BrowserStackSeleniumAssignment/src/test/resources/features/ElPaisOpinionArticles.feature
14:55:02.861 [runScenario@null] DEBUG com.browserstack.testOps.Listener - [ TESTHUB ] Processing Request Kind TestRunFinished
14:55:02.862 [runScenario@null] DEBUG c.b.monitoring.PerformanceTester - Failed to append key metrics to file C:\Users\nuthula_pooja\BrowserStackSeleniumAssignment\log\key-metrics.json
14:55:02.863 [runScenario@null] DEBUG c.b.monitoring.PerformanceTester - Failed to append key metrics to file C:\Users\nuthula_pooja\BrowserStackSeleniumAssignment\log\key-metrics.json
14:55:02.889 [tearDownClass@null] DEBUG c.b.testNgListeners.TestNGUtils - [populateTestDataForBSTestOps] Event Type :: HookRunStarted, Method ClassName :: io.cucumber.testng.AbstractTestNGCucumberTests 
14:55:02.889 [tearDownClass@null] DEBUG c.browserstack.utils.UtilityMethods - [findFileMatcher] Current Path is :: C:\Users\nuthula_pooja\BrowserStackSeleniumAssignment, TestClass :: io\cucumber\testng\AbstractTestNGCucumberTests
14:55:02.948 [tearDownClass@null] DEBUG c.b.testNgListeners.TestNGUtils - [populateTestDataForBSTestOps] The filename fetched :: null, fileSeparator :: \, AbsolutePath :: C:\Users\nuthula_pooja\BrowserStackSeleniumAssignment\., Normalized Path :: C:\Users\nuthula_pooja\BrowserStackSeleniumAssignment, File.Separator :: \
14:55:02.948 [tearDownClass@null] DEBUG c.b.testNgListeners.TestNGUtils - [populateTestDataForBSTestOps] Fallback File Name is :: AppData\Local\JetBrains\IdeaIC2025.1\temp-testng-customsuite.xml, Suite File Name :: C:\Users\nuthula_pooja\AppData\Local\JetBrains\IdeaIC2025.1\temp-testng-customsuite.xml
14:55:02.952 [tearDownClass@null] DEBUG c.b.utils.SeleniumMethodUtils - getURLFromCommandExecutor: Getting Hub url from TracedCommandExecutor
14:55:02.952 [tearDownClass@null] DEBUG c.b.utils.SeleniumMethodUtils - getURLFromCommandExecutor: Found url: https://hub-cloud.browserstack.com/wd/hub
14:55:02.953 [tearDownClass@null] DEBUG c.b.utils.SeleniumMethodUtils - getURLFromCommandExecutor: Getting Hub url from TracedCommandExecutor
14:55:02.953 [tearDownClass@null] DEBUG c.b.utils.SeleniumMethodUtils - getURLFromCommandExecutor: Found url: https://hub-cloud.browserstack.com/wd/hub
14:55:02.967 [tearDownClass@null] DEBUG com.browserstack.testOps.Listener - [ TESTHUB ] Processing Request Kind HookRunStarted
14:55:02.967 [tearDownClass@null] DEBUG c.b.monitoring.PerformanceTester - Failed to append key metrics to file C:\Users\nuthula_pooja\BrowserStackSeleniumAssignment\log\key-metrics.json
14:55:03.003 [tearDownClass@null] DEBUG c.b.testNgListeners.TestNGUtils - [populateTestDataForBSTestOps] Event Type :: HookRunFinished, Method ClassName :: io.cucumber.testng.AbstractTestNGCucumberTests 
14:55:03.003 [tearDownClass@null] DEBUG c.browserstack.utils.UtilityMethods - [findFileMatcher] Current Path is :: C:\Users\nuthula_pooja\BrowserStackSeleniumAssignment, TestClass :: io\cucumber\testng\AbstractTestNGCucumberTests
14:55:03.053 [tearDownClass@null] DEBUG c.b.testNgListeners.TestNGUtils - [populateTestDataForBSTestOps] The filename fetched :: null, fileSeparator :: \, AbsolutePath :: C:\Users\nuthula_pooja\BrowserStackSeleniumAssignment\., Normalized Path :: C:\Users\nuthula_pooja\BrowserStackSeleniumAssignment, File.Separator :: \
14:55:03.053 [tearDownClass@null] DEBUG c.b.testNgListeners.TestNGUtils - [populateTestDataForBSTestOps] Fallback File Name is :: AppData\Local\JetBrains\IdeaIC2025.1\temp-testng-customsuite.xml, Suite File Name :: C:\Users\nuthula_pooja\AppData\Local\JetBrains\IdeaIC2025.1\temp-testng-customsuite.xml
14:55:03.057 [tearDownClass@null] DEBUG c.b.utils.SeleniumMethodUtils - getURLFromCommandExecutor: Getting Hub url from TracedCommandExecutor
14:55:03.057 [tearDownClass@null] DEBUG c.b.utils.SeleniumMethodUtils - getURLFromCommandExecutor: Found url: https://hub-cloud.browserstack.com/wd/hub
14:55:03.057 [tearDownClass@null] DEBUG c.b.utils.SeleniumMethodUtils - getURLFromCommandExecutor: Getting Hub url from TracedCommandExecutor
14:55:03.057 [tearDownClass@null] DEBUG c.b.utils.SeleniumMethodUtils - getURLFromCommandExecutor: Found url: https://hub-cloud.browserstack.com/wd/hub
14:55:03.067 [tearDownClass@null] DEBUG com.browserstack.testOps.Listener - [ TESTHUB ] Processing Request Kind HookRunFinished
14:55:03.067 [tearDownClass@null] DEBUG c.b.monitoring.PerformanceTester - Failed to append key metrics to file C:\Users\nuthula_pooja\BrowserStackSeleniumAssignment\log\key-metrics.json
14:55:03.078 [tearDownClass@null] DEBUG c.b.utils.FrameworkDetectionUtils - Couldn't find dependency class: appium
14:55:03.079 [tearDownClass@null] DEBUG com.browserstack.testOps.UsageStats - getFormattedData: Collecting data for TestObservability
14:55:03.083 [tearDownClass@null] DEBUG com.browserstack.testOps.UsageStats - getEventStats: Getting event data for TestObservability
14:55:03.086 [tearDownClass@null] DEBUG com.browserstack.testOps.UsageStats - [OBSERVABILITY] Failed to parse data from workers
14:55:03.116 [tearDownClass@null] DEBUG c.b.utils.FunnelInstrumentation - Sending funnel data for SDKTestSuccessful with data: {"event_type":"SDKTestSuccessful","accessKey":"[REDACTED]","userName":"[REDACTED]","event_properties":{"isPercyAutoEnabled":false,"language":"java","sdkRunId":"8503428d-736f-42fa-8c47-aeb0a8ae410c","buildIdentifier":"#1","error":"[{\"tests\":{},\"os\":\"OS X\",\"osVersion\":\"Big Sur\",\"browser\":\"Chrome\",\"browserVersion\":\"latest\"}]","testhub_uuid":"knbuzmidmbnt0ynxhk8bv3tf0ssipdi7hbjszhgk","detectedAppiumVersion":"null","productMap":{"app_automate":false,"accessibility":null,"automate":false,"percy":false,"observability":true,"turboscale":false},"hostname":"EPINHYDW0F53","measures":{"sdk:testhub":3337.0041999816895,"sdk:driver:pre-initialization":4.874099969863892,"sdk:driver:get":5.7444000244140625,"sdk:pre-test":12.975900053977966,"sdk:cli:on-bootstrap":13.698500037193298,"sdk:o11y:sync":0.005999922752380371,"sdk:driver:post-initialization":27.838199973106384,"sdk:hook":5.11},"frameworkVersion":"","productUsage":{"testObservability":{"buildHashedId":"knbuzmidmbnt0ynxhk8bv3tf0ssipdi7hbjszhgk","manuallySet":true,"enabled":true,"events":{"hookEvents":{"started":{"errors":[],"sentCount":1,"failedCount":0,"triggeredCount":2},"finished":{"triggeredCount":2,"failedCount":0,"errors":[],"sentCount":0},"passed":{"errors":[],"sentCount":0,"failedCount":0,"triggeredCount":2}},"logEvents":{"errors":[],"sentCount":16,"failedCount":0,"triggeredCount":17,"log":{"errors":[],"sentCount":16,"failedCount":0,"triggeredCount":17}},"testEvents":{"started":{"errors":[],"sentCount":1,"failedCount":0,"triggeredCount":1},"finished":{"triggeredCount":1,"failedCount":0,"errors":[],"sentCount":0},"failed":{"errors":[],"sentCount":0,"failedCount":0,"triggeredCount":1}},"batchEvents":{"triggeredCount":2,"failedCount":0,"errors":[],"sentCount":2},"cbtSessionEvents":{"errors":[],"sentCount":1,"failedCount":0,"triggeredCount":1},"buildEvents":{"started":{"error":null,"status":"success","triggered":true},"finished":{"error":null,"status":null,"triggered":null}}}}},"browserStackConfig":{"browserstackLocal":true,"percy":false,"logLevel":"info","staticWebDriver":true,"autoDetectFramework":true,"percyCaptureMode":"AUTO","browserStackLocalOptions":{"localIdentifier":"24_Jun_1454_EPINHYDW0F53_h96I"},"percyOptions":{},"testContextOptions":{"skipSessionStatus":false,"serenityOverridePlugin":false,"skipSessionName":false},"platforms":[{"capabilities":{},"browser":"Chrome","osVersion":"Big Sur","device":null,"browserVersion":"latest","os":"OS X","platformCaps":{"os":"OS X","osVersion":"Big Sur","browserVersion":"latest","browserName":"Chrome"},"platformString":"OS X, Big Sur, Chrome, latest","customVariables":"****"},{"capabilities":{},"browser":"Edge","osVersion":"10","device":null,"browserVersion":"latest","os":"Windows","platformCaps":{"os":"Windows","osVersion":10,"browserVersion":"latest","browserName":"Edge"},"platformString":"Windows, 10, Edge, latest","customVariables":"****"},{"capabilities":{"deviceName":"Samsung Galaxy S22 Ultra"},"browser":"chrome","osVersion":"12.0","device":"Samsung Galaxy S22 Ultra","browserVersion":null,"os":null,"platformCaps":{"osVersion":12.0,"browserName":"chrome","deviceName":"Samsung Galaxy S22 Ultra"},"platformString":"Samsung Galaxy S22 Ultra, 12.0, chrome","customVariables":"****"}],"parallelsPerPlatform":1,"framework":"cucumber-testng","accessibility":false,"accessibilityOptions":{},"turboScaleOptions":{},"disableAutoCaptureLogs":true,"testObservability":true,"browserstackAutomation":false,"turboScale":false,"testObservabilityOptions":{},"gradleMConfig":null,"proxySettings":null},"automationFrameworkVersion":"4.19.1","percyBuildId":null,"product":"[observability]","buildName":"browserstack build","os":"Windows 11","languageVersion":"17.0.10","appiumVersion":"","frameworkDetectionInstrumentation":{"parseLoadClass":4,"ret-org.openqa.selenium.remote.RemoteWebDriver":821,"retransformClasses":821,"parseDependencies":43},"userFramework":"cucumber-testng","detectedDependencies":"cucumber, testng","referrer":"cucumber-testng-javaagent\/1.32.13","framework":"cucumber-testng","locationTrigger":"onFinish","accessibilityConfiguration":{"pollingTimeout":30},"language_framework":"java_cucumber-testng","detectedFramework":"cucumber-testng","testOrchestration":{"abortBuildOnFailure":{"enabled":false},"retryTestsOnFailure":{"enabled":false},"userConfig":{}},"detectedSeleniumVersion":"4.19.1","automationFramework":"selenium","seleniumVersion":"4.19.1"}}
14:55:03.655 [tearDownClass@null] DEBUG c.b.utils.FunnelInstrumentation - API Event SDKTestSuccessful, response: {"message":"SDK Event recorded successfully"}
14:55:03.658 [tearDownClass@null] DEBUG c.browserstack.utils.LogReportingAPI - sendPlatformDetails: Can't send CBT info, as driver or test is not found
14:55:03.658 [tearDownClass@null] DEBUG c.b.c.TestNgCurrentRemoteWebdriver - Quit Session Processing for Framework cucumber-testng
14:55:03.659 [tearDownClass@null] DEBUG c.b.monitoring.PerformanceTester - Failed to append key metrics to file C:\Users\nuthula_pooja\BrowserStackSeleniumAssignment\log\key-metrics.json
14:55:03.661 [tearDownClass@null] DEBUG c.b.monitoring.PerformanceTester - Failed to append key metrics to file C:\Users\nuthula_pooja\BrowserStackSeleniumAssignment\log\key-metrics.json
14:55:03.844 [pool-4-thread-1] DEBUG c.browserstack.utils.RequestBatcher - Time Since Last Batch Processed 4000

14:55:03.845 [pool-5-thread-1] DEBUG c.browserstack.utils.RequestBatcher - Processing Batch 5

14:55:03.853 [pool-5-thread-1] DEBUG c.browserstack.testOps.RequestUtils - [requestToTestOps] Sending Observability request: POST api/v1/batch with request size 18928
14:55:03.862 [pool-5-thread-1] DEBUG c.browserstack.testOps.RequestUtils - [makeRequest] Sending request: POST https://collector-observability.browserstack.com/api/v1/batch with request size 18928
14:55:04.175 [pool-5-thread-1] DEBUG c.browserstack.testOps.RequestUtils - [makeRequest]: Response code: 200
14:55:04.175 [pool-5-thread-1] DEBUG c.browserstack.testOps.RequestUtils - requestToTestOps: Response code: 200
14:55:04.176 [pool-5-thread-1] DEBUG c.browserstack.utils.LogReportingAPI - 
[2025-06-24T09:25:04.176468100Z][ TESTHUB ] Batch event successfull!

14:55:05.504 [tearDownClass@null] DEBUG c.b.monitoring.PerformanceTester - Failed to append key metrics to file C:\Users\nuthula_pooja\BrowserStackSeleniumAssignment\log\key-metrics.json
14:55:05.529 [tearDownClass@null] DEBUG c.b.monitoring.PerformanceTester - Failed to append key metrics to file C:\Users\nuthula_pooja\BrowserStackSeleniumAssignment\log\key-metrics.json
14:55:05.551 [tearDownClass@null] DEBUG com.browserstack.testOps.Listener - [ TESTHUB ] Processing Request Kind LogCreated
14:55:05.554 [Thread-0] DEBUG c.browserstack.BrowserStackJavaAgent - Starting final execution
14:55:05.554 [Thread-0] DEBUG c.b.u.ObservabilityUtilityMethods - Processing batch requests with type: Global
14:55:05.561 [Thread-0] DEBUG c.browserstack.utils.LogReportingAPI - [2025-06-24T09:25:05.561292600Z][ OBSERVABILITY ] Processing stop observability
14:55:05.561 [pool-5-thread-1] DEBUG c.browserstack.utils.RequestBatcher - Processing Batch 1

14:55:05.562 [pool-5-thread-1] DEBUG c.browserstack.testOps.RequestUtils - [requestToTestOps] Sending Observability request: POST api/v1/batch with request size 340
14:55:05.562 [pool-5-thread-1] DEBUG c.browserstack.testOps.RequestUtils - [makeRequest] Sending request: POST https://collector-observability.browserstack.com/api/v1/batch with request size 340
14:55:05.907 [pool-5-thread-1] DEBUG c.browserstack.testOps.RequestUtils - [makeRequest]: Response code: 200
14:55:05.907 [pool-5-thread-1] DEBUG c.browserstack.testOps.RequestUtils - requestToTestOps: Response code: 200
14:55:05.907 [pool-5-thread-1] DEBUG c.browserstack.utils.LogReportingAPI - 
[2025-06-24T09:25:05.907907800Z][ TESTHUB ] Batch event successfull!

14:55:05.909 [Thread-0] DEBUG c.browserstack.testOps.RequestUtils - [ TESTHUB ] Processing Request Kind stopBuildUpstream
14:55:05.909 [Thread-0] DEBUG c.browserstack.testOps.RequestUtils - [requestToTestOps] Sending Observability request: PUT api/v1/builds/knbuzmidmbnt0ynxhk8bv3tf0ssipdi7hbjszhgk/stop with request size 65
14:55:05.909 [Thread-0] DEBUG c.browserstack.testOps.RequestUtils - [makeRequest] Sending request: PUT https://collector-observability.browserstack.com/api/v1/builds/knbuzmidmbnt0ynxhk8bv3tf0ssipdi7hbjszhgk/stop with request size 65
14:55:06.215 [Thread-0] DEBUG c.browserstack.testOps.RequestUtils - [makeRequest]: Response code: 200
14:55:06.216 [Thread-0] DEBUG c.browserstack.testOps.RequestUtils - requestToTestOps: Response code: 200
14:55:06.216 [Thread-0] DEBUG com.browserstack.testOps.Listener - Testhub stop response: 
14:55:06.230 [Thread-0] INFO  c.browserstack.utils.LogReportingAPI - Visit https://observability.browserstack.com/builds/knbuzmidmbnt0ynxhk8bv3tf0ssipdi7hbjszhgk to view build report, insights, and many more debugging information all at one place!

14:55:06.230 [Thread-0] INFO  c.b.config.BrowserStackConfig - INFO
14:55:06.231 [Thread-0] DEBUG c.b.monitoring.PerformanceTester - Failed to append key metrics to file C:\Users\nuthula_pooja\BrowserStackSeleniumAssignment\log\key-metrics.json
14:55:06.231 [Thread-0] INFO  com.browserstack.v2.SdkCLI - stop: cli is not running.
14:55:06.232 [Thread-0] DEBUG c.b.monitoring.PerformanceTester - Failed to append key metrics to file C:\Users\nuthula_pooja\BrowserStackSeleniumAssignment\log\key-metrics.json
14:55:06.233 [Thread-0] DEBUG c.b.monitoring.PerformanceTester - Failed to append key metrics to file C:\Users\nuthula_pooja\BrowserStackSeleniumAssignment\log\key-metrics.json
14:55:06.261 [Thread-0] DEBUG c.b.utils.FrameworkDetectionUtils - Couldn't find dependency class: appium
14:55:06.261 [Thread-0] DEBUG com.browserstack.testOps.UsageStats - getFormattedData: Collecting data for TestObservability
14:55:06.273 [Thread-0] DEBUG com.browserstack.testOps.UsageStats - getEventStats: Getting event data for TestObservability
14:55:06.273 [Thread-0] DEBUG com.browserstack.testOps.UsageStats - [OBSERVABILITY] Failed to parse data from workers
14:55:06.296 [Thread-0] DEBUG c.b.utils.FunnelInstrumentation - Sending funnel data for SDKTestSuccessful with data: {"event_type":"SDKTestSuccessful","accessKey":"[REDACTED]","userName":"[REDACTED]","event_properties":{"isPercyAutoEnabled":false,"language":"java","sdkRunId":"8503428d-736f-42fa-8c47-aeb0a8ae410c","buildIdentifier":"#1","error":"[{\"tests\":{},\"os\":\"OS X\",\"osVersion\":\"Big Sur\",\"browser\":\"Chrome\",\"browserVersion\":\"latest\"}]","testhub_uuid":"knbuzmidmbnt0ynxhk8bv3tf0ssipdi7hbjszhgk","detectedAppiumVersion":"null","productMap":{"app_automate":false,"accessibility":null,"automate":false,"percy":false,"observability":true,"turboscale":false},"hostname":"EPINHYDW0F53","measures":{"sdk:driver:quit":1.7430000305175781,"sdk:testhub":3337.0041999816895,"sdk:post-test":0.11030006408691406,"sdk:driver:get":5.7444000244140625,"sdk:cli:on-bootstrap":13.698500037193298,"sdk:driver:post-initialization":27.838199973106384,"sdk:o11y:print-buildlink":674.8804000616074,"sdk:hook":5.11,"sdk:automate:idle-timeout":1843.8493000268936,"sdk:percy":40348.014500021935,"sdk:driver:pre-initialization":4.874099969863892,"sdk:pre-test":12.975900053977966,"sdk:o11y:sync":0.0,"sdk:cli:stop":0.30879998207092285},"frameworkVersion":"","productUsage":{"testObservability":{"buildHashedId":"knbuzmidmbnt0ynxhk8bv3tf0ssipdi7hbjszhgk","manuallySet":true,"enabled":true,"events":{"hookEvents":{"started":{"errors":[],"sentCount":2,"failedCount":0,"triggeredCount":2},"finished":{"triggeredCount":2,"failedCount":0,"errors":[],"sentCount":2},"passed":{"errors":[],"sentCount":2,"failedCount":0,"triggeredCount":2}},"logEvents":{"errors":[],"sentCount":18,"failedCount":0,"triggeredCount":18,"log":{"errors":[],"sentCount":18,"failedCount":0,"triggeredCount":18}},"testEvents":{"started":{"errors":[],"sentCount":1,"failedCount":0,"triggeredCount":1},"finished":{"triggeredCount":1,"failedCount":0,"errors":[],"sentCount":1},"failed":{"errors":[],"sentCount":1,"failedCount":0,"triggeredCount":1}},"batchEvents":{"triggeredCount":4,"failedCount":0,"errors":[],"sentCount":4},"cbtSessionEvents":{"errors":[],"sentCount":1,"failedCount":0,"triggeredCount":1},"buildEvents":{"started":{"error":null,"status":"success","triggered":true},"finished":{"error":null,"status":"success","triggered":true}}}}},"browserStackConfig":{"browserstackLocal":true,"percy":false,"logLevel":"info","staticWebDriver":true,"autoDetectFramework":true,"percyCaptureMode":"AUTO","browserStackLocalOptions":{"localIdentifier":"24_Jun_1454_EPINHYDW0F53_h96I"},"percyOptions":{},"testContextOptions":{"skipSessionStatus":false,"serenityOverridePlugin":false,"skipSessionName":false},"platforms":[{"capabilities":{},"browser":"Chrome","osVersion":"Big Sur","device":null,"browserVersion":"latest","os":"OS X","platformCaps":{"os":"OS X","osVersion":"Big Sur","browserVersion":"latest","browserName":"Chrome"},"platformString":"OS X, Big Sur, Chrome, latest","customVariables":"****"},{"capabilities":{},"browser":"Edge","osVersion":"10","device":null,"browserVersion":"latest","os":"Windows","platformCaps":{"os":"Windows","osVersion":10,"browserVersion":"latest","browserName":"Edge"},"platformString":"Windows, 10, Edge, latest","customVariables":"****"},{"capabilities":{"deviceName":"Samsung Galaxy S22 Ultra"},"browser":"chrome","osVersion":"12.0","device":"Samsung Galaxy S22 Ultra","browserVersion":null,"os":null,"platformCaps":{"osVersion":12.0,"browserName":"chrome","deviceName":"Samsung Galaxy S22 Ultra"},"platformString":"Samsung Galaxy S22 Ultra, 12.0, chrome","customVariables":"****"}],"parallelsPerPlatform":1,"framework":"cucumber-testng","accessibility":false,"accessibilityOptions":{},"turboScaleOptions":{},"disableAutoCaptureLogs":true,"testObservability":true,"browserstackAutomation":false,"turboScale":false,"testObservabilityOptions":{},"gradleMConfig":null,"proxySettings":null},"automationFrameworkVersion":"4.19.1","percyBuildId":null,"product":"[observability]","buildName":"browserstack build","os":"Windows 11","languageVersion":"17.0.10","appiumVersion":"","frameworkDetectionInstrumentation":{"parseLoadClass":4,"ret-org.openqa.selenium.remote.RemoteWebDriver":821,"retransformClasses":821,"parseDependencies":43},"userFramework":"cucumber-testng","detectedDependencies":"cucumber, testng","referrer":"cucumber-testng-javaagent\/1.32.13","framework":"cucumber-testng","locationTrigger":"BSTACK_BUILD_END","accessibilityConfiguration":{"pollingTimeout":30},"language_framework":"java_cucumber-testng","detectedFramework":"cucumber-testng","testOrchestration":{"abortBuildOnFailure":{"enabled":false},"retryTestsOnFailure":{"enabled":false},"userConfig":{}},"detectedSeleniumVersion":"4.19.1","automationFramework":"selenium","seleniumVersion":"4.19.1"}}
14:55:06.829 [Thread-0] DEBUG c.b.utils.FunnelInstrumentation - API Event SDKTestSuccessful, response: {"message":"SDK Event recorded successfully"}
14:55:06.837 [Thread-0] INFO  c.browserstack.utils.UtilityMethods - BrowserStack Yml Detected : C:\Users\nuthula_pooja\BrowserStackSeleniumAssignment\browserstack.yml
14:55:06.837 [Thread-0] DEBUG c.browserstack.utils.UtilityMethods - Browserstack yml path passed - C:\Users\nuthula_pooja\BrowserStackSeleniumAssignment\browserstack.yml
14:55:06.837 [Thread-0] INFO  c.browserstack.utils.UtilityMethods - BrowserStack Yml Detected : C:\Users\nuthula_pooja\BrowserStackSeleniumAssignment\browserstack.yml
14:55:08.640 [Thread-0] DEBUG c.browserstack.utils.UtilityMethods - unable to delete debug log: java.nio.file.FileSystemException: .\log\browserstack-javaagent.debug.log: The process cannot access the file because it is being used by another process
	at java.base/sun.nio.fs.WindowsException.translateToIOException(WindowsException.java:92)
	at java.base/sun.nio.fs.WindowsException.rethrowAsIOException(WindowsException.java:103)
	at java.base/sun.nio.fs.WindowsException.rethrowAsIOException(WindowsException.java:108)
	at java.base/sun.nio.fs.WindowsFileSystemProvider.implDelete(WindowsFileSystemProvider.java:275)
	at java.base/sun.nio.fs.AbstractFileSystemProvider.deleteIfExists(AbstractFileSystemProvider.java:110)
	at java.base/java.nio.file.Files.deleteIfExists(Files.java:1191)
	at com.browserstack.utils.UtilityMethods.a(Unknown Source)
	at com.browserstack.utils.UtilityMethods.a(Unknown Source)
	at com.browserstack.utils.UtilityMethods.sendLogs(Unknown Source)
	at com.browserstack.BrowserStackJavaAgent$FinalExecution.a(Unknown Source)
	at com.browserstack.BrowserStackJavaAgent$FinalExecution.a(Unknown Source)
	at com.browserstack.BrowserStackJavaAgent$FinalExecution.run(Unknown Source)

14:55:08.641 [Thread-0] DEBUG c.b.monitoring.PerformanceTester - Failed to append key metrics to file C:\Users\nuthula_pooja\BrowserStackSeleniumAssignment\log\key-metrics.json
14:55:08.642 [Thread-0] DEBUG c.browserstack.utils.UtilityMethods - Browserstack Gradle Config File does not exist.
14:55:08.642 [Thread-0] DEBUG c.b.monitoring.PerformanceTester - Failed to append key metrics to file C:\Users\nuthula_pooja\BrowserStackSeleniumAssignment\log\key-metrics.json
14:55:08.651 [Thread-0] DEBUG c.browserstack.testOps.RequestUtils - [makeRequest] Sending request: POST https://eds.browserstack.com/send_sdk_events with request size 692
14:55:10.514 [Thread-0] DEBUG c.browserstack.testOps.RequestUtils - [makeRequest]: Response code: 200
14:55:10.514 [Thread-0] DEBUG c.b.monitoring.PerformanceTester - Data sent successfully to https://eds.browserstack.com with status 200 {"event_type":"sdk_events","data":{"created_day":"2025-06-24T09:25:08.000649 +0000","event_name":"SDKFeaturePerformance","event_json":"{measures=[{\"duration\":13.698500037193298,\"eventName\":\"sdk:cli:on-bootstrap\",\"startTime\":6.019331777492E8,\"success\":true,\"worker\":1,\"failure\":null,\"details\":null,\"entryType\":\"measure\",\"platform\":0,\"command\":null,\"testName\":null,\"hookType\":\"\",\"cli\":true}], sdkRunId=8503428d-736f-42fa-8c47-aeb0a8ae410c}","user_data":"poojanuthula_PNQRq4","testhub_uuid":"knbuzmidmbnt0ynxhk8bv3tf0ssipdi7hbjszhgk","host_info":"{\"hostname\":\"EPINHYDW0F53\",\"arch\":\"amd64\",\"type\":null,\"version\":\"10.0\",\"platform\":\"Windows 11\"}"}} {Content-Type=application/json}
